2022-04-13 20:58:54,412:INFO:discord.client: logging in using static token
2022-04-13 20:58:54,531:DEBUG:discord.http: GET https://discord.com/api/v7/users/@me with None has returned 200
2022-04-13 20:58:54,531:DEBUG:discord.http: GET https://discord.com/api/v7/users/@me has received {'id': '901664352682270780', 'username': 'chobot', 'avatar': None, 'discriminator': '4046', 'public_flags': 0, 'flags': 0, 'bot': True, 'banner': None, 'banner_color': None, 'accent_color': None, 'bio': '', 'pronouns': '', 'locale': 'en-US', 'mfa_enabled': True, 'email': None, 'verified': True}
2022-04-13 20:58:54,548:DEBUG:discord.http: GET https://discord.com/api/v7/gateway with None has returned 200
2022-04-13 20:58:54,549:DEBUG:discord.http: GET https://discord.com/api/v7/gateway has received {'url': 'wss://gateway.discord.gg'}
2022-04-13 20:58:54,669:DEBUG:discord.gateway: Created websocket connected to wss://gateway.discord.gg?encoding=json&v=6&compress=zlib-stream
2022-04-13 20:58:54,670:DEBUG:discord.client: Dispatching event socket_raw_receive
2022-04-13 20:58:54,670:DEBUG:discord.gateway: For Shard ID None: WebSocket Event: {'t': None, 's': None, 'op': 10, 'd': {'heartbeat_interval': 41250, '_trace': ['["gateway-prd-main-4p5p",{"micros":0.0}]']}}
2022-04-13 20:58:54,670:DEBUG:discord.client: Dispatching event socket_response
2022-04-13 20:58:54,670:DEBUG:discord.client: Dispatching event socket_raw_send
2022-04-13 20:58:54,671:DEBUG:discord.client: Dispatching event socket_raw_send
2022-04-13 20:58:54,671:INFO:discord.gateway: Shard ID None has sent the IDENTIFY payload.
2022-04-13 20:58:54,695:DEBUG:discord.client: Dispatching event socket_raw_receive
2022-04-13 20:58:54,695:DEBUG:discord.gateway: For Shard ID None: WebSocket Event: {'t': None, 's': None, 'op': 11, 'd': None}
2022-04-13 20:58:54,695:DEBUG:discord.client: Dispatching event socket_response
2022-04-13 20:58:54,817:DEBUG:discord.client: Dispatching event socket_raw_receive
2022-04-13 20:58:54,817:DEBUG:discord.gateway: For Shard ID None: WebSocket Event: {'t': 'READY', 's': 1, 'op': 0, 'd': {'v': 6, 'user_settings': {}, 'user': {'verified': True, 'username': 'chobot', 'mfa_enabled': True, 'id': '901664352682270780', 'flags': 0, 'email': None, 'discriminator': '4046', 'bot': True, 'avatar': None}, 'session_id': '307618349ff0fdae58e9c25a89675d9f', 'relationships': [], 'private_channels': [], 'presences': [], 'guilds': [{'unavailable': True, 'id': '136678893364051969'}], 'guild_join_requests': [], 'geo_ordered_rtc_regions': ['newark', 'us-east', 'atlanta', 'us-central', 'us-south'], 'application': {'id': '901664352682270780', 'flags': 262144}, '_trace': ['["gateway-prd-main-4p5p",{"micros":120822,"calls":["discord-sessions-blue-prd-2-35",{"micros":106839,"calls":["start_session",{"micros":69102,"calls":["discord-api-858578fc5c-rqpnz",{"micros":58228,"calls":["get_user",{"micros":12736},"add_authorized_ip",{"micros":5092},"get_guilds",{"micros":6648},"coros_wait",{"micros":3}]}]},"guilds_connect",{"micros":2,"calls":[]},"presence_connect",{"micros":875,"calls":[]}]}]}]']}}
2022-04-13 20:58:54,817:DEBUG:discord.client: Dispatching event socket_response
2022-04-13 20:58:54,817:INFO:discord.gateway: Shard ID None has connected to Gateway: ["gateway-prd-main-4p5p",{"micros":120822,"calls":["discord-sessions-blue-prd-2-35",{"micros":106839,"calls":["start_session",{"micros":69102,"calls":["discord-api-858578fc5c-rqpnz",{"micros":58228,"calls":["get_user",{"micros":12736},"add_authorized_ip",{"micros":5092},"get_guilds",{"micros":6648},"coros_wait",{"micros":3}]}]},"guilds_connect",{"micros":2,"calls":[]},"presence_connect",{"micros":875,"calls":[]}]}]}] (Session ID: 307618349ff0fdae58e9c25a89675d9f).
2022-04-13 20:58:54,831:DEBUG:discord.client: Dispatching event connect
2022-04-13 20:58:54,831:DEBUG:discord.client: Dispatching event socket_raw_receive
2022-04-13 20:58:54,831:DEBUG:discord.gateway: For Shard ID None: WebSocket Event: {'t': 'GUILD_CREATE', 's': 2, 'op': 0, 'd': {'stage_instances': [], 'discovery_splash': None, 'nsfw_level': 0, 'public_updates_channel_id': None, 'name': 'chosen', 'owner_id': '136678708529463296', 'members': [{'user': {'username': 'chobot', 'id': '901664352682270780', 'discriminator': '4046', 'bot': True, 'avatar': None}, 'roles': ['901667780896628787'], 'mute': False, 'joined_at': '2021-10-24T03:05:51.187000+00:00', 'hoisted_role': None, 'flags': 0, 'deaf': False}], 'premium_tier': 0, 'system_channel_flags': 0, 'emojis': [], 'hub_type': None, 'icon': None, 'premium_subscription_count': 0, 'joined_at': '2021-10-24T03:05:51.187000+00:00', 'large': False, 'banner': None, 'preferred_locale': 'en-US', 'member_count': 2, 'roles': [{'unicode_emoji': None, 'tags': {}, 'position': -1, 'permissions_new': '1071631556161', 'permissions': 37215809, 'name': '@everyone', 'mentionable': False, 'managed': False, 'id': '136678893364051969', 'icon': None, 'hoist': False, 'color': 0}, {'unicode_emoji': None, 'tags': {}, 'position': 1, 'permissions_new': '6479666753', 'permissions': 37215809, 'name': 'new role', 'mentionable': False, 'managed': False, 'id': '384526712425283594', 'icon': None, 'hoist': False, 'color': 0}, {'unicode_emoji': None, 'tags': {'bot_id': '901664352682270780'}, 'position': 1, 'permissions_new': '397284812864', 'permissions': 337984, 'name': 'chobot', 'mentionable': False, 'managed': True, 'id': '901667780896628787', 'icon': None, 'hoist': False, 'color': 0}], 'unavailable': False, 'presences': [], 'rules_channel_id': None, 'voice_states': [], 'description': None, 'application_command_counts': {'3': 0, '2': 0, '1': 0}, 'threads': [], 'max_video_channel_users': 25, 'system_channel_id': None, 'explicit_content_filter': 0, 'vanity_url_code': None, 'id': '136678893364051969', 'afk_timeout': 300, 'region': 'deprecated', 'premium_progress_bar_enabled': False, 'features': [], 'verification_level': 0, 'nsfw': False, 'max_members': 500000, 'afk_channel_id': None, 'splash': None, 'embedded_activities': [], 'guild_hashes': {'version': 1, 'roles': {'omitted': False, 'hash': 'ZqbR4Oqc0UE'}, 'metadata': {'omitted': False, 'hash': 'ouwOx5GnCVo'}, 'channels': {'omitted': False, 'hash': 'oskCFye1/54'}}, 'guild_scheduled_events': [], 'mfa_level': 0, 'channels': [{'type': 0, 'topic': None, 'rate_limit_per_user': 0, 'position': 0, 'permission_overwrites': [], 'name': 'general', 'last_pin_timestamp': '2017-12-02T00:05:04.599000+00:00', 'last_message_id': '901594110257934356', 'id': '136678893364051969'}, {'user_limit': 0, 'type': 2, 'rtc_region': None, 'rate_limit_per_user': 0, 'position': 0, 'permission_overwrites': [], 'name': 'General', 'last_message_id': None, 'id': '136678893364051970', 'bitrate': 64000}, {'type': 0, 'topic': None, 'rate_limit_per_user': 0, 'position': 1, 'permission_overwrites': [], 'name': 'announcements', 'last_message_id': '963948940850524210', 'id': '612474111607832588'}, {'type': 0, 'topic': None, 'rate_limit_per_user': 0, 'position': 2, 'permission_overwrites': [], 'name': 'bot-test', 'last_message_id': '963963965493346314', 'id': '901667530698018836'}], 'lazy': True, 'default_message_notifications': 0, 'application_id': None, 'stickers': []}}
2022-04-13 20:58:54,832:DEBUG:discord.client: Dispatching event socket_response
2022-04-13 20:58:54,832:DEBUG:discord.client: Dispatching event guild_available
2022-04-13 20:58:56,835:DEBUG:discord.client: Dispatching event ready
2022-04-13 20:59:03,076:DEBUG:discord.client: Dispatching event socket_raw_receive
2022-04-13 20:59:03,077:DEBUG:discord.gateway: For Shard ID None: WebSocket Event: {'t': 'TYPING_START', 's': 3, 'op': 0, 'd': {'user_id': '136678708529463296', 'timestamp': 1649897943, 'member': {'user': {'username': 'chosengamer', 'id': '136678708529463296', 'discriminator': '4495', 'avatar': 'fc2b12343aab49425c6f593a01ebc67e'}, 'roles': [], 'mute': False, 'joined_at': '2016-01-13T03:53:07.599000+00:00', 'hoisted_role': None, 'flags': 0, 'deaf': False}, 'channel_id': '901667530698018836', 'guild_id': '136678893364051969'}}
2022-04-13 20:59:03,077:DEBUG:discord.client: Dispatching event socket_response
2022-04-13 20:59:03,077:DEBUG:discord.client: Dispatching event typing
2022-04-13 20:59:03,223:DEBUG:discord.client: Dispatching event socket_raw_receive
2022-04-13 20:59:03,223:DEBUG:discord.gateway: For Shard ID None: WebSocket Event: {'t': 'MESSAGE_CREATE', 's': 4, 'op': 0, 'd': {'type': 0, 'tts': False, 'timestamp': '2022-04-14T00:59:03.185000+00:00', 'referenced_message': None, 'pinned': False, 'nonce': '963966583393222656', 'mentions': [], 'mention_roles': [], 'mention_everyone': False, 'member': {'roles': [], 'mute': False, 'joined_at': '2016-01-13T03:53:07.599000+00:00', 'hoisted_role': None, 'flags': 0, 'deaf': False}, 'id': '963966583691153498', 'flags': 0, 'embeds': [], 'edited_timestamp': None, 'content': '~register', 'components': [], 'channel_id': '901667530698018836', 'author': {'username': 'chosengamer', 'public_flags': 0, 'id': '136678708529463296', 'discriminator': '4495', 'avatar': 'fc2b12343aab49425c6f593a01ebc67e'}, 'attachments': [], 'guild_id': '136678893364051969'}}
2022-04-13 20:59:03,223:DEBUG:discord.client: Dispatching event socket_response
2022-04-13 20:59:03,223:DEBUG:discord.client: Dispatching event message
2022-04-13 20:59:03,223:DEBUG:discord.client: Dispatching event command
2022-04-13 20:59:03,423:DEBUG:discord.client: Dispatching event socket_raw_receive
2022-04-13 20:59:03,423:DEBUG:discord.gateway: For Shard ID None: WebSocket Event: {'t': 'MESSAGE_CREATE', 's': 5, 'op': 0, 'd': {'type': 0, 'tts': False, 'timestamp': '2022-04-14T00:59:03.343000+00:00', 'referenced_message': None, 'pinned': False, 'mentions': [], 'mention_roles': [], 'mention_everyone': False, 'member': {'roles': ['901667780896628787'], 'mute': False, 'joined_at': '2021-10-24T03:05:51.187000+00:00', 'hoisted_role': None, 'flags': 0, 'deaf': False}, 'id': '963966584353857556', 'flags': 0, 'embeds': [], 'edited_timestamp': None, 'content': 'You have already registered', 'components': [], 'channel_id': '901667530698018836', 'author': {'username': 'chobot', 'public_flags': 0, 'id': '901664352682270780', 'discriminator': '4046', 'bot': True, 'avatar': None}, 'attachments': [], 'guild_id': '136678893364051969'}}
2022-04-13 20:59:03,423:DEBUG:discord.client: Dispatching event socket_response
2022-04-13 20:59:03,423:DEBUG:discord.client: Dispatching event message
2022-04-13 20:59:03,481:DEBUG:discord.http: POST https://discord.com/api/v7/channels/901667530698018836/messages with {"content":"You have already registered"} has returned 200
2022-04-13 20:59:03,481:DEBUG:discord.http: POST https://discord.com/api/v7/channels/901667530698018836/messages has received {'id': '963966584353857556', 'type': 0, 'content': 'You have already registered', 'channel_id': '901667530698018836', 'author': {'id': '901664352682270780', 'username': 'chobot', 'avatar': None, 'discriminator': '4046', 'public_flags': 0, 'bot': True}, 'attachments': [], 'embeds': [], 'mentions': [], 'mention_roles': [], 'pinned': False, 'mention_everyone': False, 'tts': False, 'timestamp': '2022-04-14T00:59:03.343000+00:00', 'edited_timestamp': None, 'flags': 0, 'components': [], 'referenced_message': None}
2022-04-13 20:59:03,482:DEBUG:discord.client: Dispatching event command_completion
2022-04-13 20:59:12,709:INFO:discord.client: Cleaning up tasks.
2022-04-13 20:59:12,709:INFO:discord.client: Cleaning up after 1 tasks.
2022-04-13 20:59:12,709:INFO:discord.client: All tasks finished cancelling.
2022-04-13 20:59:12,709:INFO:discord.client: Closing the event loop.
